<?xml version="1.0" encoding="UTF-8"?>
<testng-results ignored="0" total="1" passed="1" failed="0" skipped="0">
  <reporter-output>
  </reporter-output>
  <suite started-at="2025-03-12T22:19:40 IST" name="Default suite" finished-at="2025-03-12T22:19:49 IST" duration-ms="9820">
    <groups>
    </groups>
    <test started-at="2025-03-12T22:19:40 IST" name="Default test" finished-at="2025-03-12T22:19:49 IST" duration-ms="9820">
      <class name="MobileEvents.scrollGestures">
        <test-method signature="testScroll()[pri:0, instance:MobileEvents.scrollGestures@6c64cb25]" started-at="2025-03-12T22:19:40 IST" name="testScroll" finished-at="2025-03-12T22:19:49 IST" duration-ms="9750" status="PASS">
          <reporter-output>
          </reporter-output>
        </test-method> <!-- testScroll -->
      </class> <!-- MobileEvents.scrollGestures -->
    </test> <!-- Default test -->
  </suite> <!-- Default suite -->
</testng-results>
