<?xml version="1.0" encoding="UTF-8"?>
<!-- Generated by org.testng.reporters.JUnitXMLReporter -->
<testsuite ignored="1" hostname="Nitins-MacBook-Pro.local" failures="0" tests="1" name="Default test" time="2.155" errors="0" timestamp="2025-03-05T22:33:47 IST">
  <testcase classname="httpsAPIMethods.HeadersTest" name="getSpecificHeaderFromResponse" time="2.096"/>
  <testcase classname="httpsAPIMethods.HeadersTest" name="getALLHeader" time="0.0">
    <ignored/>
  </testcase> <!-- getALLHeader -->
</testsuite> <!-- Default test -->
