<?xml version="1.0" encoding="UTF-8"?>
<testng-results ignored="1" total="2" passed="1" failed="0" skipped="0">
  <reporter-output>
  </reporter-output>
  <suite started-at="2025-03-05T22:33:45 IST" name="Default suite" finished-at="2025-03-05T22:33:47 IST" duration-ms="2155">
    <groups>
    </groups>
    <test started-at="2025-03-05T22:33:45 IST" name="Default test" finished-at="2025-03-05T22:33:47 IST" duration-ms="2155">
      <class name="httpsAPIMethods.HeadersTest">
        <test-method signature="getSpecificHeaderFromResponse()[pri:0, instance:httpsAPIMethods.HeadersTest@384ad17b]" started-at="2025-03-05T22:33:45 IST" name="getSpecificHeaderFromResponse" finished-at="2025-03-05T22:33:47 IST" duration-ms="2096" status="PASS">
          <reporter-output>
          </reporter-output>
        </test-method> <!-- getSpecificHeaderFromResponse -->
      </class> <!-- httpsAPIMethods.HeadersTest -->
    </test> <!-- Default test -->
  </suite> <!-- Default suite -->
</testng-results>
