<?xml version="1.0" encoding="UTF-8"?>
<testng-results ignored="0" total="1" passed="1" failed="0" skipped="0">
  <reporter-output>
  </reporter-output>
  <suite started-at="2025-03-06T21:55:12 IST" name="Default suite" finished-at="2025-03-06T21:55:15 IST" duration-ms="2905">
    <groups>
    </groups>
    <test started-at="2025-03-06T21:55:12 IST" name="Default test" finished-at="2025-03-06T21:55:15 IST" duration-ms="2905">
      <class name="authenticationTypes.BearerTokenAuthentication">
        <test-method signature="bearerTokenTest()[pri:0, instance:authenticationTypes.BearerTokenAuthentication@dbf57b3]" started-at="2025-03-06T21:55:12 IST" name="bearerTokenTest" finished-at="2025-03-06T21:55:15 IST" duration-ms="2850" status="PASS">
          <reporter-output>
          </reporter-output>
        </test-method> <!-- bearerTokenTest -->
      </class> <!-- authenticationTypes.BearerTokenAuthentication -->
    </test> <!-- Default test -->
  </suite> <!-- Default suite -->
</testng-results>
